2024-08-16 22:09:44,401:WARNING:
'cuml' is a soft dependency and not included in the pycaret installation. Please run: `pip install cuml` to install.
2024-08-16 22:09:44,402:WARNING:
'cuml' is a soft dependency and not included in the pycaret installation. Please run: `pip install cuml` to install.
2024-08-16 22:09:44,402:WARNING:
'cuml' is a soft dependency and not included in the pycaret installation. Please run: `pip install cuml` to install.
2024-08-16 22:09:44,402:WARNING:
'cuml' is a soft dependency and not included in the pycaret installation. Please run: `pip install cuml` to install.
2024-08-16 22:09:44,789:INFO:PyCaret RegressionExperiment
2024-08-16 22:09:44,789:INFO:Logging name: reg-default-name
2024-08-16 22:09:44,789:INFO:ML Usecase: MLUsecase.REGRESSION
2024-08-16 22:09:44,789:INFO:version 3.3.2
2024-08-16 22:09:44,789:INFO:Initializing setup()
2024-08-16 22:09:44,790:INFO:self.USI: 63a7
2024-08-16 22:09:44,790:INFO:self._variable_keys: {'n_jobs_param', 'data', 'fold_shuffle_param', 'fold_generator', 'logging_param', 'gpu_n_jobs_param', 'log_plots_param', 'memory', 'html_param', 'idx', 'y', 'target_param', 'exp_id', 'X', 'X_train', 'fold_groups_param', 'pipeline', 'transform_target_param', '_ml_usecase', 'y_test', 'exp_name_log', 'gpu_param', '_available_plots', 'y_train', 'USI', 'seed', 'X_test'}
2024-08-16 22:09:44,790:INFO:Checking environment
2024-08-16 22:09:44,790:INFO:python_version: 3.10.11
2024-08-16 22:09:44,790:INFO:python_build: ('tags/v3.10.11:7d4cc5a', 'Apr  5 2023 00:38:17')
2024-08-16 22:09:44,790:INFO:machine: AMD64
2024-08-16 22:09:44,790:INFO:platform: Windows-10-10.0.22631-SP0
2024-08-16 22:09:44,797:INFO:Memory: svmem(total=8311836672, available=912146432, percent=89.0, used=7399690240, free=912146432)
2024-08-16 22:09:44,798:INFO:Physical Core: 4
2024-08-16 22:09:44,798:INFO:Logical Core: 8
2024-08-16 22:09:44,798:INFO:Checking libraries
2024-08-16 22:09:44,799:INFO:System:
2024-08-16 22:09:44,799:INFO:    python: 3.10.11 (tags/v3.10.11:7d4cc5a, Apr  5 2023, 00:38:17) [MSC v.1929 64 bit (AMD64)]
2024-08-16 22:09:44,799:INFO:executable: C:\Users\DELL\AppData\Local\Microsoft\WindowsApps\PythonSoftwareFoundation.Python.3.10_qbz5n2kfra8p0\python.exe
2024-08-16 22:09:44,799:INFO:   machine: Windows-10-10.0.22631-SP0
2024-08-16 22:09:44,799:INFO:PyCaret required dependencies:
2024-08-16 22:09:44,950:INFO:                 pip: 23.0.1
2024-08-16 22:09:44,950:INFO:          setuptools: 65.5.0
2024-08-16 22:09:44,950:INFO:             pycaret: 3.3.2
2024-08-16 22:09:44,950:INFO:             IPython: 8.25.0
2024-08-16 22:09:44,950:INFO:          ipywidgets: 8.1.3
2024-08-16 22:09:44,950:INFO:                tqdm: 4.66.4
2024-08-16 22:09:44,950:INFO:               numpy: 1.25.2
2024-08-16 22:09:44,950:INFO:              pandas: 2.0.3
2024-08-16 22:09:44,950:INFO:              jinja2: 3.1.4
2024-08-16 22:09:44,950:INFO:               scipy: 1.11.4
2024-08-16 22:09:44,950:INFO:              joblib: 1.3.2
2024-08-16 22:09:44,950:INFO:             sklearn: 1.4.2
2024-08-16 22:09:44,950:INFO:                pyod: 2.0.1
2024-08-16 22:09:44,950:INFO:            imblearn: 0.12.3
2024-08-16 22:09:44,950:INFO:   category_encoders: 2.6.3
2024-08-16 22:09:44,950:INFO:            lightgbm: 4.5.0
2024-08-16 22:09:44,950:INFO:               numba: 0.60.0
2024-08-16 22:09:44,950:INFO:            requests: 2.31.0
2024-08-16 22:09:44,950:INFO:          matplotlib: 3.7.2
2024-08-16 22:09:44,950:INFO:          scikitplot: 0.3.7
2024-08-16 22:09:44,950:INFO:         yellowbrick: 1.5
2024-08-16 22:09:44,950:INFO:              plotly: 5.23.0
2024-08-16 22:09:44,950:INFO:    plotly-resampler: Not installed
2024-08-16 22:09:44,950:INFO:             kaleido: 0.2.1
2024-08-16 22:09:44,950:INFO:           schemdraw: 0.15
2024-08-16 22:09:44,950:INFO:         statsmodels: 0.14.2
2024-08-16 22:09:44,950:INFO:              sktime: 0.26.0
2024-08-16 22:09:44,951:INFO:               tbats: 1.1.3
2024-08-16 22:09:44,951:INFO:            pmdarima: 2.0.4
2024-08-16 22:09:44,951:INFO:              psutil: 5.9.8
2024-08-16 22:09:44,951:INFO:          markupsafe: 2.1.5
2024-08-16 22:09:44,951:INFO:             pickle5: Not installed
2024-08-16 22:09:44,951:INFO:         cloudpickle: 3.0.0
2024-08-16 22:09:44,951:INFO:         deprecation: 2.1.0
2024-08-16 22:09:44,951:INFO:              xxhash: 3.4.1
2024-08-16 22:09:44,951:INFO:           wurlitzer: Not installed
2024-08-16 22:09:44,951:INFO:PyCaret optional dependencies:
2024-08-16 22:09:45,232:INFO:                shap: Not installed
2024-08-16 22:09:45,232:INFO:           interpret: Not installed
2024-08-16 22:09:45,232:INFO:                umap: Not installed
2024-08-16 22:09:45,232:INFO:     ydata_profiling: 4.9.0
2024-08-16 22:09:45,232:INFO:  explainerdashboard: Not installed
2024-08-16 22:09:45,232:INFO:             autoviz: Not installed
2024-08-16 22:09:45,232:INFO:           fairlearn: Not installed
2024-08-16 22:09:45,232:INFO:          deepchecks: Not installed
2024-08-16 22:09:45,232:INFO:             xgboost: 2.1.1
2024-08-16 22:09:45,232:INFO:            catboost: Not installed
2024-08-16 22:09:45,232:INFO:              kmodes: Not installed
2024-08-16 22:09:45,232:INFO:             mlxtend: Not installed
2024-08-16 22:09:45,232:INFO:       statsforecast: Not installed
2024-08-16 22:09:45,232:INFO:        tune_sklearn: Not installed
2024-08-16 22:09:45,232:INFO:                 ray: Not installed
2024-08-16 22:09:45,232:INFO:            hyperopt: Not installed
2024-08-16 22:09:45,232:INFO:              optuna: Not installed
2024-08-16 22:09:45,232:INFO:               skopt: Not installed
2024-08-16 22:09:45,232:INFO:              mlflow: Not installed
2024-08-16 22:09:45,232:INFO:              gradio: Not installed
2024-08-16 22:09:45,232:INFO:             fastapi: Not installed
2024-08-16 22:09:45,232:INFO:             uvicorn: Not installed
2024-08-16 22:09:45,232:INFO:              m2cgen: Not installed
2024-08-16 22:09:45,232:INFO:           evidently: Not installed
2024-08-16 22:09:45,232:INFO:               fugue: Not installed
2024-08-16 22:09:45,232:INFO:           streamlit: Not installed
2024-08-16 22:09:45,232:INFO:             prophet: Not installed
2024-08-16 22:09:45,232:INFO:None
2024-08-16 22:09:45,232:INFO:Set up data.
2024-08-16 22:10:45,347:INFO:PyCaret RegressionExperiment
2024-08-16 22:10:45,347:INFO:Logging name: reg-default-name
2024-08-16 22:10:45,347:INFO:ML Usecase: MLUsecase.REGRESSION
2024-08-16 22:10:45,347:INFO:version 3.3.2
2024-08-16 22:10:45,347:INFO:Initializing setup()
2024-08-16 22:10:45,347:INFO:self.USI: 485b
2024-08-16 22:10:45,347:INFO:self._variable_keys: {'n_jobs_param', 'data', 'fold_shuffle_param', 'fold_generator', 'logging_param', 'gpu_n_jobs_param', 'log_plots_param', 'memory', 'html_param', 'idx', 'y', 'target_param', 'exp_id', 'X', 'X_train', 'fold_groups_param', 'pipeline', 'transform_target_param', '_ml_usecase', 'y_test', 'exp_name_log', 'gpu_param', '_available_plots', 'y_train', 'USI', 'seed', 'X_test'}
2024-08-16 22:10:45,347:INFO:Checking environment
2024-08-16 22:10:45,347:INFO:python_version: 3.10.11
2024-08-16 22:10:45,347:INFO:python_build: ('tags/v3.10.11:7d4cc5a', 'Apr  5 2023 00:38:17')
2024-08-16 22:10:45,347:INFO:machine: AMD64
2024-08-16 22:10:45,347:INFO:platform: Windows-10-10.0.22631-SP0
2024-08-16 22:10:45,351:INFO:Memory: svmem(total=8311836672, available=764870656, percent=90.8, used=7546966016, free=764870656)
2024-08-16 22:10:45,351:INFO:Physical Core: 4
2024-08-16 22:10:45,351:INFO:Logical Core: 8
2024-08-16 22:10:45,351:INFO:Checking libraries
2024-08-16 22:10:45,351:INFO:System:
2024-08-16 22:10:45,352:INFO:    python: 3.10.11 (tags/v3.10.11:7d4cc5a, Apr  5 2023, 00:38:17) [MSC v.1929 64 bit (AMD64)]
2024-08-16 22:10:45,352:INFO:executable: C:\Users\DELL\AppData\Local\Microsoft\WindowsApps\PythonSoftwareFoundation.Python.3.10_qbz5n2kfra8p0\python.exe
2024-08-16 22:10:45,352:INFO:   machine: Windows-10-10.0.22631-SP0
2024-08-16 22:10:45,352:INFO:PyCaret required dependencies:
2024-08-16 22:10:45,352:INFO:                 pip: 23.0.1
2024-08-16 22:10:45,352:INFO:          setuptools: 65.5.0
2024-08-16 22:10:45,352:INFO:             pycaret: 3.3.2
2024-08-16 22:10:45,352:INFO:             IPython: 8.25.0
2024-08-16 22:10:45,352:INFO:          ipywidgets: 8.1.3
2024-08-16 22:10:45,352:INFO:                tqdm: 4.66.4
2024-08-16 22:10:45,352:INFO:               numpy: 1.25.2
2024-08-16 22:10:45,352:INFO:              pandas: 2.0.3
2024-08-16 22:10:45,352:INFO:              jinja2: 3.1.4
2024-08-16 22:10:45,352:INFO:               scipy: 1.11.4
2024-08-16 22:10:45,352:INFO:              joblib: 1.3.2
2024-08-16 22:10:45,352:INFO:             sklearn: 1.4.2
2024-08-16 22:10:45,352:INFO:                pyod: 2.0.1
2024-08-16 22:10:45,352:INFO:            imblearn: 0.12.3
2024-08-16 22:10:45,352:INFO:   category_encoders: 2.6.3
2024-08-16 22:10:45,352:INFO:            lightgbm: 4.5.0
2024-08-16 22:10:45,352:INFO:               numba: 0.60.0
2024-08-16 22:10:45,352:INFO:            requests: 2.31.0
2024-08-16 22:10:45,352:INFO:          matplotlib: 3.7.2
2024-08-16 22:10:45,352:INFO:          scikitplot: 0.3.7
2024-08-16 22:10:45,352:INFO:         yellowbrick: 1.5
2024-08-16 22:10:45,352:INFO:              plotly: 5.23.0
2024-08-16 22:10:45,352:INFO:    plotly-resampler: Not installed
2024-08-16 22:10:45,352:INFO:             kaleido: 0.2.1
2024-08-16 22:10:45,352:INFO:           schemdraw: 0.15
2024-08-16 22:10:45,352:INFO:         statsmodels: 0.14.2
2024-08-16 22:10:45,352:INFO:              sktime: 0.26.0
2024-08-16 22:10:45,352:INFO:               tbats: 1.1.3
2024-08-16 22:10:45,352:INFO:            pmdarima: 2.0.4
2024-08-16 22:10:45,352:INFO:              psutil: 5.9.8
2024-08-16 22:10:45,353:INFO:          markupsafe: 2.1.5
2024-08-16 22:10:45,353:INFO:             pickle5: Not installed
2024-08-16 22:10:45,353:INFO:         cloudpickle: 3.0.0
2024-08-16 22:10:45,353:INFO:         deprecation: 2.1.0
2024-08-16 22:10:45,353:INFO:              xxhash: 3.4.1
2024-08-16 22:10:45,353:INFO:           wurlitzer: Not installed
2024-08-16 22:10:45,353:INFO:PyCaret optional dependencies:
2024-08-16 22:10:45,353:INFO:                shap: Not installed
2024-08-16 22:10:45,353:INFO:           interpret: Not installed
2024-08-16 22:10:45,353:INFO:                umap: Not installed
2024-08-16 22:10:45,353:INFO:     ydata_profiling: 4.9.0
2024-08-16 22:10:45,353:INFO:  explainerdashboard: Not installed
2024-08-16 22:10:45,353:INFO:             autoviz: Not installed
2024-08-16 22:10:45,353:INFO:           fairlearn: Not installed
2024-08-16 22:10:45,353:INFO:          deepchecks: Not installed
2024-08-16 22:10:45,353:INFO:             xgboost: 2.1.1
2024-08-16 22:10:45,353:INFO:            catboost: Not installed
2024-08-16 22:10:45,353:INFO:              kmodes: Not installed
2024-08-16 22:10:45,353:INFO:             mlxtend: Not installed
2024-08-16 22:10:45,353:INFO:       statsforecast: Not installed
2024-08-16 22:10:45,353:INFO:        tune_sklearn: Not installed
2024-08-16 22:10:45,353:INFO:                 ray: Not installed
2024-08-16 22:10:45,353:INFO:            hyperopt: Not installed
2024-08-16 22:10:45,353:INFO:              optuna: Not installed
2024-08-16 22:10:45,353:INFO:               skopt: Not installed
2024-08-16 22:10:45,353:INFO:              mlflow: Not installed
2024-08-16 22:10:45,353:INFO:              gradio: Not installed
2024-08-16 22:10:45,353:INFO:             fastapi: Not installed
2024-08-16 22:10:45,353:INFO:             uvicorn: Not installed
2024-08-16 22:10:45,353:INFO:              m2cgen: Not installed
2024-08-16 22:10:45,353:INFO:           evidently: Not installed
2024-08-16 22:10:45,353:INFO:               fugue: Not installed
2024-08-16 22:10:45,353:INFO:           streamlit: Not installed
2024-08-16 22:10:45,353:INFO:             prophet: Not installed
2024-08-16 22:10:45,353:INFO:None
2024-08-16 22:10:45,353:INFO:Set up data.
2024-08-16 22:10:45,365:INFO:Set up folding strategy.
2024-08-16 22:10:45,365:INFO:Set up train/test split.
2024-08-16 22:10:45,377:INFO:Set up index.
2024-08-16 22:10:45,377:INFO:Assigning column types.
2024-08-16 22:10:45,378:INFO:Engine successfully changes for model 'lr' to 'sklearn'.
2024-08-16 22:10:45,378:INFO:Engine for model 'lasso' has not been set explicitly, hence returning None.
2024-08-16 22:10:45,378:INFO:Engine for model 'ridge' has not been set explicitly, hence returning None.
2024-08-16 22:10:45,393:INFO:Engine for model 'en' has not been set explicitly, hence returning None.
2024-08-16 22:10:45,442:INFO:Engine for model 'svm' has not been set explicitly, hence returning None.
2024-08-16 22:10:45,484:INFO:Engine for model 'knn' has not been set explicitly, hence returning None.
2024-08-16 22:10:45,485:INFO:Soft dependency imported: xgboost: 2.1.1
2024-08-16 22:10:45,487:WARNING:
'catboost' is a soft dependency and not included in the pycaret installation. Please run: `pip install catboost` to install.
Alternately, you can install this by running `pip install pycaret[models]`
2024-08-16 22:10:45,488:INFO:Engine for model 'lasso' has not been set explicitly, hence returning None.
2024-08-16 22:10:45,492:INFO:Engine for model 'ridge' has not been set explicitly, hence returning None.
2024-08-16 22:10:45,497:INFO:Engine for model 'en' has not been set explicitly, hence returning None.
2024-08-16 22:10:45,542:INFO:Engine for model 'svm' has not been set explicitly, hence returning None.
2024-08-16 22:10:45,578:INFO:Engine for model 'knn' has not been set explicitly, hence returning None.
2024-08-16 22:10:45,578:INFO:Soft dependency imported: xgboost: 2.1.1
2024-08-16 22:10:45,581:WARNING:
'catboost' is a soft dependency and not included in the pycaret installation. Please run: `pip install catboost` to install.
Alternately, you can install this by running `pip install pycaret[models]`
2024-08-16 22:10:45,581:INFO:Engine successfully changes for model 'lasso' to 'sklearn'.
2024-08-16 22:10:45,585:INFO:Engine for model 'ridge' has not been set explicitly, hence returning None.
2024-08-16 22:10:45,588:INFO:Engine for model 'en' has not been set explicitly, hence returning None.
2024-08-16 22:10:45,634:INFO:Engine for model 'svm' has not been set explicitly, hence returning None.
2024-08-16 22:10:45,669:INFO:Engine for model 'knn' has not been set explicitly, hence returning None.
2024-08-16 22:10:45,669:INFO:Soft dependency imported: xgboost: 2.1.1
2024-08-16 22:10:45,671:WARNING:
'catboost' is a soft dependency and not included in the pycaret installation. Please run: `pip install catboost` to install.
Alternately, you can install this by running `pip install pycaret[models]`
2024-08-16 22:10:45,675:INFO:Engine for model 'ridge' has not been set explicitly, hence returning None.
2024-08-16 22:10:45,679:INFO:Engine for model 'en' has not been set explicitly, hence returning None.
2024-08-16 22:10:45,722:INFO:Engine for model 'svm' has not been set explicitly, hence returning None.
2024-08-16 22:10:45,755:INFO:Engine for model 'knn' has not been set explicitly, hence returning None.
2024-08-16 22:10:45,755:INFO:Soft dependency imported: xgboost: 2.1.1
2024-08-16 22:10:45,757:WARNING:
'catboost' is a soft dependency and not included in the pycaret installation. Please run: `pip install catboost` to install.
Alternately, you can install this by running `pip install pycaret[models]`
2024-08-16 22:10:45,757:INFO:Engine successfully changes for model 'ridge' to 'sklearn'.
2024-08-16 22:10:45,764:INFO:Engine for model 'en' has not been set explicitly, hence returning None.
2024-08-16 22:10:45,808:INFO:Engine for model 'svm' has not been set explicitly, hence returning None.
2024-08-16 22:10:45,842:INFO:Engine for model 'knn' has not been set explicitly, hence returning None.
2024-08-16 22:10:45,842:INFO:Soft dependency imported: xgboost: 2.1.1
2024-08-16 22:10:45,844:WARNING:
'catboost' is a soft dependency and not included in the pycaret installation. Please run: `pip install catboost` to install.
Alternately, you can install this by running `pip install pycaret[models]`
2024-08-16 22:10:45,851:INFO:Engine for model 'en' has not been set explicitly, hence returning None.
2024-08-16 22:10:45,898:INFO:Engine for model 'svm' has not been set explicitly, hence returning None.
2024-08-16 22:10:45,932:INFO:Engine for model 'knn' has not been set explicitly, hence returning None.
2024-08-16 22:10:45,932:INFO:Soft dependency imported: xgboost: 2.1.1
2024-08-16 22:10:45,934:WARNING:
'catboost' is a soft dependency and not included in the pycaret installation. Please run: `pip install catboost` to install.
Alternately, you can install this by running `pip install pycaret[models]`
2024-08-16 22:10:45,935:INFO:Engine successfully changes for model 'en' to 'sklearn'.
2024-08-16 22:10:45,975:INFO:Engine for model 'svm' has not been set explicitly, hence returning None.
2024-08-16 22:10:46,024:INFO:Engine for model 'knn' has not been set explicitly, hence returning None.
2024-08-16 22:10:46,024:INFO:Soft dependency imported: xgboost: 2.1.1
2024-08-16 22:10:46,024:WARNING:
'catboost' is a soft dependency and not included in the pycaret installation. Please run: `pip install catboost` to install.
Alternately, you can install this by running `pip install pycaret[models]`
2024-08-16 22:10:46,074:INFO:Engine for model 'svm' has not been set explicitly, hence returning None.
2024-08-16 22:10:46,123:INFO:Engine for model 'knn' has not been set explicitly, hence returning None.
2024-08-16 22:10:46,123:INFO:Soft dependency imported: xgboost: 2.1.1
2024-08-16 22:10:46,126:WARNING:
'catboost' is a soft dependency and not included in the pycaret installation. Please run: `pip install catboost` to install.
Alternately, you can install this by running `pip install pycaret[models]`
2024-08-16 22:10:46,127:INFO:Engine successfully changes for model 'knn' to 'sklearn'.
2024-08-16 22:10:46,174:INFO:Engine for model 'svm' has not been set explicitly, hence returning None.
2024-08-16 22:10:46,208:INFO:Soft dependency imported: xgboost: 2.1.1
2024-08-16 22:10:46,208:WARNING:
'catboost' is a soft dependency and not included in the pycaret installation. Please run: `pip install catboost` to install.
Alternately, you can install this by running `pip install pycaret[models]`
2024-08-16 22:10:46,258:INFO:Engine for model 'svm' has not been set explicitly, hence returning None.
2024-08-16 22:10:46,303:INFO:Soft dependency imported: xgboost: 2.1.1
2024-08-16 22:10:46,306:WARNING:
'catboost' is a soft dependency and not included in the pycaret installation. Please run: `pip install catboost` to install.
Alternately, you can install this by running `pip install pycaret[models]`
2024-08-16 22:10:46,306:INFO:Engine successfully changes for model 'svm' to 'sklearn'.
2024-08-16 22:10:46,396:INFO:Soft dependency imported: xgboost: 2.1.1
2024-08-16 22:10:46,399:WARNING:
'catboost' is a soft dependency and not included in the pycaret installation. Please run: `pip install catboost` to install.
Alternately, you can install this by running `pip install pycaret[models]`
2024-08-16 22:10:46,502:INFO:Soft dependency imported: xgboost: 2.1.1
2024-08-16 22:10:46,504:WARNING:
'catboost' is a soft dependency and not included in the pycaret installation. Please run: `pip install catboost` to install.
Alternately, you can install this by running `pip install pycaret[models]`
2024-08-16 22:10:46,517:INFO:Preparing preprocessing pipeline...
2024-08-16 22:10:46,517:INFO:Set up simple imputation.
2024-08-16 22:10:46,518:INFO:Set up column name cleaning.
2024-08-16 22:10:46,551:INFO:Finished creating preprocessing pipeline.
2024-08-16 22:10:46,561:INFO:Pipeline: Pipeline(memory=FastMemory(location=C:\Users\DELL\AppData\Local\Temp\joblib),
         steps=[('numerical_imputer',
                 TransformerWrapper(include=['Title', 'Address', 'City',
                                             'Bedroom', 'Bathroom', 'Floors',
                                             'Parking', 'Face', 'Year', 'Views',
                                             'Area', 'Road', 'Road Width',
                                             'Road Type', 'Build Area',
                                             'Posted', 'Amenities'],
                                    transformer=SimpleImputer())),
                ('categorical_imputer',
                 TransformerWrapper(include=[],
                                    transformer=SimpleImputer(strategy='most_frequent'))),
                ('clean_column_names',
                 TransformerWrapper(transformer=CleanColumnNames()))])
2024-08-16 22:10:46,561:INFO:Creating final display dataframe.
2024-08-16 22:10:46,632:INFO:Setup _display_container:                     Description             Value
0                    Session id              3812
1                        Target             Price
2                   Target type        Regression
3           Original data shape        (2211, 18)
4        Transformed data shape        (2211, 18)
5   Transformed train set shape        (1547, 18)
6    Transformed test set shape         (664, 18)
7              Numeric features                17
8                    Preprocess              True
9               Imputation type            simple
10           Numeric imputation              mean
11       Categorical imputation              mode
12               Fold Generator             KFold
13                  Fold Number                10
14                     CPU Jobs                -1
15                      Use GPU             False
16               Log Experiment             False
17              Experiment Name  reg-default-name
18                          USI              485b
2024-08-16 22:10:46,748:INFO:Soft dependency imported: xgboost: 2.1.1
2024-08-16 22:10:46,753:WARNING:
'catboost' is a soft dependency and not included in the pycaret installation. Please run: `pip install catboost` to install.
Alternately, you can install this by running `pip install pycaret[models]`
2024-08-16 22:10:46,840:INFO:Soft dependency imported: xgboost: 2.1.1
2024-08-16 22:10:46,842:WARNING:
'catboost' is a soft dependency and not included in the pycaret installation. Please run: `pip install catboost` to install.
Alternately, you can install this by running `pip install pycaret[models]`
2024-08-16 22:10:46,843:INFO:setup() successfully completed in 1.5s...............
2024-08-16 22:10:46,843:INFO:Initializing compare_models()
2024-08-16 22:10:46,843:INFO:compare_models(self=<pycaret.regression.oop.RegressionExperiment object at 0x0000022ED706C0D0>, include=None, fold=None, round=4, cross_validation=True, sort=R2, n_select=1, budget_time=None, turbo=True, errors=ignore, fit_kwargs=None, groups=None, experiment_custom_tags=None, probability_threshold=None, verbose=True, parallel=None, caller_params={'self': <pycaret.regression.oop.RegressionExperiment object at 0x0000022ED706C0D0>, 'include': None, 'exclude': None, 'fold': None, 'round': 4, 'cross_validation': True, 'sort': 'R2', 'n_select': 1, 'budget_time': None, 'turbo': True, 'errors': 'ignore', 'fit_kwargs': None, 'groups': None, 'experiment_custom_tags': None, 'engine': None, 'verbose': True, 'parallel': None, '__class__': <class 'pycaret.regression.oop.RegressionExperiment'>}, exclude=None)
2024-08-16 22:10:46,843:INFO:Checking exceptions
2024-08-16 22:10:46,845:INFO:Preparing display monitor
2024-08-16 22:10:46,860:INFO:Initializing Linear Regression
2024-08-16 22:10:46,860:INFO:Total runtime is 0.0 minutes
2024-08-16 22:10:46,860:INFO:SubProcess create_model() called ==================================
2024-08-16 22:10:46,860:INFO:Initializing create_model()
2024-08-16 22:10:46,860:INFO:create_model(self=<pycaret.regression.oop.RegressionExperiment object at 0x0000022ED706C0D0>, estimator=lr, fold=KFold(n_splits=10, random_state=None, shuffle=False), round=4, cross_validation=True, predict=True, fit_kwargs={}, groups=None, refit=False, probability_threshold=None, experiment_custom_tags=None, verbose=False, system=False, add_to_model_list=True, metrics=None, display=<pycaret.internal.display.display.CommonDisplay object at 0x0000022EE0C03F70>, model_only=True, return_train_score=False, error_score=0.0, kwargs={})
2024-08-16 22:10:46,860:INFO:Checking exceptions
2024-08-16 22:10:46,860:INFO:Importing libraries
2024-08-16 22:10:46,860:INFO:Copying training dataset
2024-08-16 22:10:46,876:INFO:Defining folds
2024-08-16 22:10:46,876:INFO:Declaring metric variables
2024-08-16 22:10:46,878:INFO:Importing untrained model
2024-08-16 22:10:46,878:INFO:Linear Regression Imported successfully
2024-08-16 22:10:46,894:INFO:Starting cross validation
2024-08-16 22:10:46,925:INFO:Cross validating with KFold(n_splits=10, random_state=None, shuffle=False), n_jobs=-1
2024-08-16 22:10:54,125:INFO:Calculating mean and std
2024-08-16 22:10:54,126:INFO:Creating metrics dataframe
2024-08-16 22:10:54,129:INFO:Uploading results into container
2024-08-16 22:10:54,129:INFO:Uploading model into container now
2024-08-16 22:10:54,130:INFO:_master_model_container: 1
2024-08-16 22:10:54,130:INFO:_display_container: 2
2024-08-16 22:10:54,130:INFO:LinearRegression(n_jobs=-1)
2024-08-16 22:10:54,130:INFO:create_model() successfully completed......................................
2024-08-16 22:10:54,295:INFO:SubProcess create_model() end ==================================
2024-08-16 22:10:54,296:INFO:Creating metrics dataframe
2024-08-16 22:10:54,301:INFO:Initializing Lasso Regression
2024-08-16 22:10:54,301:INFO:Total runtime is 0.12401612202326456 minutes
2024-08-16 22:10:54,304:INFO:SubProcess create_model() called ==================================
2024-08-16 22:10:54,304:INFO:Initializing create_model()
2024-08-16 22:10:54,304:INFO:create_model(self=<pycaret.regression.oop.RegressionExperiment object at 0x0000022ED706C0D0>, estimator=lasso, fold=KFold(n_splits=10, random_state=None, shuffle=False), round=4, cross_validation=True, predict=True, fit_kwargs={}, groups=None, refit=False, probability_threshold=None, experiment_custom_tags=None, verbose=False, system=False, add_to_model_list=True, metrics=None, display=<pycaret.internal.display.display.CommonDisplay object at 0x0000022EE0C03F70>, model_only=True, return_train_score=False, error_score=0.0, kwargs={})
2024-08-16 22:10:54,304:INFO:Checking exceptions
2024-08-16 22:10:54,304:INFO:Importing libraries
2024-08-16 22:10:54,304:INFO:Copying training dataset
2024-08-16 22:10:54,312:INFO:Defining folds
2024-08-16 22:10:54,313:INFO:Declaring metric variables
2024-08-16 22:10:54,316:INFO:Importing untrained model
2024-08-16 22:10:54,319:INFO:Lasso Regression Imported successfully
2024-08-16 22:10:54,324:INFO:Starting cross validation
2024-08-16 22:10:54,325:INFO:Cross validating with KFold(n_splits=10, random_state=None, shuffle=False), n_jobs=-1
2024-08-16 22:10:54,396:WARNING:C:\Users\DELL\AppData\Local\Packages\PythonSoftwareFoundation.Python.3.10_qbz5n2kfra8p0\LocalCache\local-packages\Python310\site-packages\sklearn\linear_model\_coordinate_descent.py:678: ConvergenceWarning: Objective did not converge. You might want to increase the number of iterations, check the scale of the features or consider increasing regularisation. Duality gap: 3.781e+28, tolerance: 7.983e+24
  model = cd_fast.enet_coordinate_descent(

2024-08-16 22:10:54,396:WARNING:C:\Users\DELL\AppData\Local\Packages\PythonSoftwareFoundation.Python.3.10_qbz5n2kfra8p0\LocalCache\local-packages\Python310\site-packages\sklearn\linear_model\_coordinate_descent.py:678: ConvergenceWarning: Objective did not converge. You might want to increase the number of iterations, check the scale of the features or consider increasing regularisation. Duality gap: 3.795e+28, tolerance: 7.983e+24
  model = cd_fast.enet_coordinate_descent(

2024-08-16 22:10:54,396:WARNING:C:\Users\DELL\AppData\Local\Packages\PythonSoftwareFoundation.Python.3.10_qbz5n2kfra8p0\LocalCache\local-packages\Python310\site-packages\sklearn\linear_model\_coordinate_descent.py:678: ConvergenceWarning: Objective did not converge. You might want to increase the number of iterations, check the scale of the features or consider increasing regularisation. Duality gap: 3.296e+28, tolerance: 7.012e+24
  model = cd_fast.enet_coordinate_descent(

2024-08-16 22:10:54,397:WARNING:C:\Users\DELL\AppData\Local\Packages\PythonSoftwareFoundation.Python.3.10_qbz5n2kfra8p0\LocalCache\local-packages\Python310\site-packages\sklearn\linear_model\_coordinate_descent.py:678: ConvergenceWarning: Objective did not converge. You might want to increase the number of iterations, check the scale of the features or consider increasing regularisation. Duality gap: 3.444e+28, tolerance: 7.280e+24
  model = cd_fast.enet_coordinate_descent(

2024-08-16 22:10:54,416:WARNING:C:\Users\DELL\AppData\Local\Packages\PythonSoftwareFoundation.Python.3.10_qbz5n2kfra8p0\LocalCache\local-packages\Python310\site-packages\sklearn\linear_model\_coordinate_descent.py:678: ConvergenceWarning: Objective did not converge. You might want to increase the number of iterations, check the scale of the features or consider increasing regularisation. Duality gap: 3.758e+28, tolerance: 7.983e+24
  model = cd_fast.enet_coordinate_descent(

2024-08-16 22:10:54,437:WARNING:C:\Users\DELL\AppData\Local\Packages\PythonSoftwareFoundation.Python.3.10_qbz5n2kfra8p0\LocalCache\local-packages\Python310\site-packages\sklearn\linear_model\_coordinate_descent.py:678: ConvergenceWarning: Objective did not converge. You might want to increase the number of iterations, check the scale of the features or consider increasing regularisation. Duality gap: 2.831e+28, tolerance: 6.035e+24
  model = cd_fast.enet_coordinate_descent(

2024-08-16 22:10:54,437:WARNING:C:\Users\DELL\AppData\Local\Packages\PythonSoftwareFoundation.Python.3.10_qbz5n2kfra8p0\LocalCache\local-packages\Python310\site-packages\sklearn\linear_model\_coordinate_descent.py:678: ConvergenceWarning: Objective did not converge. You might want to increase the number of iterations, check the scale of the features or consider increasing regularisation. Duality gap: 2.564e+28, tolerance: 5.326e+24
  model = cd_fast.enet_coordinate_descent(

2024-08-16 22:10:54,458:INFO:Calculating mean and std
2024-08-16 22:10:54,459:INFO:Creating metrics dataframe
2024-08-16 22:10:54,474:INFO:Uploading results into container
2024-08-16 22:10:54,475:INFO:Uploading model into container now
2024-08-16 22:10:54,476:INFO:_master_model_container: 2
2024-08-16 22:10:54,476:INFO:_display_container: 2
2024-08-16 22:10:54,477:INFO:Lasso(random_state=3812)
2024-08-16 22:10:54,477:INFO:create_model() successfully completed......................................
2024-08-16 22:10:54,601:INFO:SubProcess create_model() end ==================================
2024-08-16 22:10:54,601:INFO:Creating metrics dataframe
2024-08-16 22:10:54,601:INFO:Initializing Ridge Regression
2024-08-16 22:10:54,601:INFO:Total runtime is 0.12900396982828777 minutes
2024-08-16 22:10:54,601:INFO:SubProcess create_model() called ==================================
2024-08-16 22:10:54,601:INFO:Initializing create_model()
2024-08-16 22:10:54,601:INFO:create_model(self=<pycaret.regression.oop.RegressionExperiment object at 0x0000022ED706C0D0>, estimator=ridge, fold=KFold(n_splits=10, random_state=None, shuffle=False), round=4, cross_validation=True, predict=True, fit_kwargs={}, groups=None, refit=False, probability_threshold=None, experiment_custom_tags=None, verbose=False, system=False, add_to_model_list=True, metrics=None, display=<pycaret.internal.display.display.CommonDisplay object at 0x0000022EE0C03F70>, model_only=True, return_train_score=False, error_score=0.0, kwargs={})
2024-08-16 22:10:54,601:INFO:Checking exceptions
2024-08-16 22:10:54,601:INFO:Importing libraries
2024-08-16 22:10:54,601:INFO:Copying training dataset
2024-08-16 22:10:54,601:INFO:Defining folds
2024-08-16 22:10:54,601:INFO:Declaring metric variables
2024-08-16 22:10:54,616:INFO:Importing untrained model
2024-08-16 22:10:54,616:INFO:Ridge Regression Imported successfully
2024-08-16 22:10:54,616:INFO:Starting cross validation
2024-08-16 22:10:54,616:INFO:Cross validating with KFold(n_splits=10, random_state=None, shuffle=False), n_jobs=-1
2024-08-16 22:10:54,710:INFO:Calculating mean and std
2024-08-16 22:10:54,710:INFO:Creating metrics dataframe
2024-08-16 22:10:54,710:INFO:Uploading results into container
2024-08-16 22:10:54,710:INFO:Uploading model into container now
2024-08-16 22:10:54,710:INFO:_master_model_container: 3
2024-08-16 22:10:54,710:INFO:_display_container: 2
2024-08-16 22:10:54,710:INFO:Ridge(random_state=3812)
2024-08-16 22:10:54,710:INFO:create_model() successfully completed......................................
2024-08-16 22:10:54,805:INFO:SubProcess create_model() end ==================================
2024-08-16 22:10:54,805:INFO:Creating metrics dataframe
2024-08-16 22:10:54,805:INFO:Initializing Elastic Net
2024-08-16 22:10:54,805:INFO:Total runtime is 0.13240542809168498 minutes
2024-08-16 22:10:54,805:INFO:SubProcess create_model() called ==================================
2024-08-16 22:10:54,805:INFO:Initializing create_model()
2024-08-16 22:10:54,805:INFO:create_model(self=<pycaret.regression.oop.RegressionExperiment object at 0x0000022ED706C0D0>, estimator=en, fold=KFold(n_splits=10, random_state=None, shuffle=False), round=4, cross_validation=True, predict=True, fit_kwargs={}, groups=None, refit=False, probability_threshold=None, experiment_custom_tags=None, verbose=False, system=False, add_to_model_list=True, metrics=None, display=<pycaret.internal.display.display.CommonDisplay object at 0x0000022EE0C03F70>, model_only=True, return_train_score=False, error_score=0.0, kwargs={})
2024-08-16 22:10:54,805:INFO:Checking exceptions
2024-08-16 22:10:54,805:INFO:Importing libraries
2024-08-16 22:10:54,805:INFO:Copying training dataset
2024-08-16 22:10:54,820:INFO:Defining folds
2024-08-16 22:10:54,820:INFO:Declaring metric variables
2024-08-16 22:10:54,820:INFO:Importing untrained model
2024-08-16 22:10:54,820:INFO:Elastic Net Imported successfully
2024-08-16 22:10:54,820:INFO:Starting cross validation
2024-08-16 22:10:54,820:INFO:Cross validating with KFold(n_splits=10, random_state=None, shuffle=False), n_jobs=-1
2024-08-16 22:10:54,852:WARNING:C:\Users\DELL\AppData\Local\Packages\PythonSoftwareFoundation.Python.3.10_qbz5n2kfra8p0\LocalCache\local-packages\Python310\site-packages\sklearn\linear_model\_coordinate_descent.py:678: ConvergenceWarning: Objective did not converge. You might want to increase the number of iterations, check the scale of the features or consider increasing regularisation. Duality gap: 3.636e+28, tolerance: 7.983e+24
  model = cd_fast.enet_coordinate_descent(

2024-08-16 22:10:54,867:WARNING:C:\Users\DELL\AppData\Local\Packages\PythonSoftwareFoundation.Python.3.10_qbz5n2kfra8p0\LocalCache\local-packages\Python310\site-packages\sklearn\linear_model\_coordinate_descent.py:678: ConvergenceWarning: Objective did not converge. You might want to increase the number of iterations, check the scale of the features or consider increasing regularisation. Duality gap: 3.755e+28, tolerance: 7.983e+24
  model = cd_fast.enet_coordinate_descent(

2024-08-16 22:10:54,867:WARNING:C:\Users\DELL\AppData\Local\Packages\PythonSoftwareFoundation.Python.3.10_qbz5n2kfra8p0\LocalCache\local-packages\Python310\site-packages\sklearn\linear_model\_coordinate_descent.py:678: ConvergenceWarning: Objective did not converge. You might want to increase the number of iterations, check the scale of the features or consider increasing regularisation. Duality gap: 3.233e+28, tolerance: 7.280e+24
  model = cd_fast.enet_coordinate_descent(

2024-08-16 22:10:54,867:WARNING:C:\Users\DELL\AppData\Local\Packages\PythonSoftwareFoundation.Python.3.10_qbz5n2kfra8p0\LocalCache\local-packages\Python310\site-packages\sklearn\linear_model\_coordinate_descent.py:678: ConvergenceWarning: Objective did not converge. You might want to increase the number of iterations, check the scale of the features or consider increasing regularisation. Duality gap: 2.884e+28, tolerance: 6.304e+24
  model = cd_fast.enet_coordinate_descent(

2024-08-16 22:10:54,883:WARNING:C:\Users\DELL\AppData\Local\Packages\PythonSoftwareFoundation.Python.3.10_qbz5n2kfra8p0\LocalCache\local-packages\Python310\site-packages\sklearn\linear_model\_coordinate_descent.py:678: ConvergenceWarning: Objective did not converge. You might want to increase the number of iterations, check the scale of the features or consider increasing regularisation. Duality gap: 3.545e+28, tolerance: 7.983e+24
  model = cd_fast.enet_coordinate_descent(

2024-08-16 22:10:54,898:WARNING:C:\Users\DELL\AppData\Local\Packages\PythonSoftwareFoundation.Python.3.10_qbz5n2kfra8p0\LocalCache\local-packages\Python310\site-packages\sklearn\linear_model\_coordinate_descent.py:678: ConvergenceWarning: Objective did not converge. You might want to increase the number of iterations, check the scale of the features or consider increasing regularisation. Duality gap: 3.540e+28, tolerance: 7.983e+24
  model = cd_fast.enet_coordinate_descent(

2024-08-16 22:10:54,898:WARNING:C:\Users\DELL\AppData\Local\Packages\PythonSoftwareFoundation.Python.3.10_qbz5n2kfra8p0\LocalCache\local-packages\Python310\site-packages\sklearn\linear_model\_coordinate_descent.py:678: ConvergenceWarning: Objective did not converge. You might want to increase the number of iterations, check the scale of the features or consider increasing regularisation. Duality gap: 3.081e+28, tolerance: 7.012e+24
  model = cd_fast.enet_coordinate_descent(

2024-08-16 22:10:54,914:WARNING:C:\Users\DELL\AppData\Local\Packages\PythonSoftwareFoundation.Python.3.10_qbz5n2kfra8p0\LocalCache\local-packages\Python310\site-packages\sklearn\linear_model\_coordinate_descent.py:678: ConvergenceWarning: Objective did not converge. You might want to increase the number of iterations, check the scale of the features or consider increasing regularisation. Duality gap: 2.403e+28, tolerance: 5.326e+24
  model = cd_fast.enet_coordinate_descent(

2024-08-16 22:10:54,914:WARNING:C:\Users\DELL\AppData\Local\Packages\PythonSoftwareFoundation.Python.3.10_qbz5n2kfra8p0\LocalCache\local-packages\Python310\site-packages\sklearn\linear_model\_coordinate_descent.py:678: ConvergenceWarning: Objective did not converge. You might want to increase the number of iterations, check the scale of the features or consider increasing regularisation. Duality gap: 3.452e+28, tolerance: 7.983e+24
  model = cd_fast.enet_coordinate_descent(

2024-08-16 22:10:54,914:WARNING:C:\Users\DELL\AppData\Local\Packages\PythonSoftwareFoundation.Python.3.10_qbz5n2kfra8p0\LocalCache\local-packages\Python310\site-packages\sklearn\linear_model\_coordinate_descent.py:678: ConvergenceWarning: Objective did not converge. You might want to increase the number of iterations, check the scale of the features or consider increasing regularisation. Duality gap: 2.592e+28, tolerance: 6.035e+24
  model = cd_fast.enet_coordinate_descent(

2024-08-16 22:10:54,945:INFO:Calculating mean and std
2024-08-16 22:10:54,945:INFO:Creating metrics dataframe
2024-08-16 22:10:54,945:INFO:Uploading results into container
2024-08-16 22:10:54,945:INFO:Uploading model into container now
2024-08-16 22:10:54,945:INFO:_master_model_container: 4
2024-08-16 22:10:54,945:INFO:_display_container: 2
2024-08-16 22:10:54,945:INFO:ElasticNet(random_state=3812)
2024-08-16 22:10:54,945:INFO:create_model() successfully completed......................................
2024-08-16 22:10:55,039:INFO:SubProcess create_model() end ==================================
2024-08-16 22:10:55,039:INFO:Creating metrics dataframe
2024-08-16 22:10:55,055:INFO:Initializing Least Angle Regression
2024-08-16 22:10:55,055:INFO:Total runtime is 0.13657083113988241 minutes
2024-08-16 22:10:55,055:INFO:SubProcess create_model() called ==================================
2024-08-16 22:10:55,055:INFO:Initializing create_model()
2024-08-16 22:10:55,055:INFO:create_model(self=<pycaret.regression.oop.RegressionExperiment object at 0x0000022ED706C0D0>, estimator=lar, fold=KFold(n_splits=10, random_state=None, shuffle=False), round=4, cross_validation=True, predict=True, fit_kwargs={}, groups=None, refit=False, probability_threshold=None, experiment_custom_tags=None, verbose=False, system=False, add_to_model_list=True, metrics=None, display=<pycaret.internal.display.display.CommonDisplay object at 0x0000022EE0C03F70>, model_only=True, return_train_score=False, error_score=0.0, kwargs={})
2024-08-16 22:10:55,055:INFO:Checking exceptions
2024-08-16 22:10:55,055:INFO:Importing libraries
2024-08-16 22:10:55,055:INFO:Copying training dataset
2024-08-16 22:10:55,055:INFO:Defining folds
2024-08-16 22:10:55,055:INFO:Declaring metric variables
2024-08-16 22:10:55,070:INFO:Importing untrained model
2024-08-16 22:10:55,070:INFO:Least Angle Regression Imported successfully
2024-08-16 22:10:55,070:INFO:Starting cross validation
2024-08-16 22:10:55,070:INFO:Cross validating with KFold(n_splits=10, random_state=None, shuffle=False), n_jobs=-1
2024-08-16 22:10:55,180:INFO:Calculating mean and std
2024-08-16 22:10:55,180:INFO:Creating metrics dataframe
2024-08-16 22:10:55,180:INFO:Uploading results into container
2024-08-16 22:10:55,180:INFO:Uploading model into container now
2024-08-16 22:10:55,180:INFO:_master_model_container: 5
2024-08-16 22:10:55,180:INFO:_display_container: 2
2024-08-16 22:10:55,180:INFO:Lars(random_state=3812)
2024-08-16 22:10:55,180:INFO:create_model() successfully completed......................................
2024-08-16 22:10:55,289:INFO:SubProcess create_model() end ==================================
2024-08-16 22:10:55,289:INFO:Creating metrics dataframe
2024-08-16 22:10:55,305:INFO:Initializing Lasso Least Angle Regression
2024-08-16 22:10:55,305:INFO:Total runtime is 0.14073706070582073 minutes
2024-08-16 22:10:55,305:INFO:SubProcess create_model() called ==================================
2024-08-16 22:10:55,305:INFO:Initializing create_model()
2024-08-16 22:10:55,305:INFO:create_model(self=<pycaret.regression.oop.RegressionExperiment object at 0x0000022ED706C0D0>, estimator=llar, fold=KFold(n_splits=10, random_state=None, shuffle=False), round=4, cross_validation=True, predict=True, fit_kwargs={}, groups=None, refit=False, probability_threshold=None, experiment_custom_tags=None, verbose=False, system=False, add_to_model_list=True, metrics=None, display=<pycaret.internal.display.display.CommonDisplay object at 0x0000022EE0C03F70>, model_only=True, return_train_score=False, error_score=0.0, kwargs={})
2024-08-16 22:10:55,305:INFO:Checking exceptions
2024-08-16 22:10:55,305:INFO:Importing libraries
2024-08-16 22:10:55,305:INFO:Copying training dataset
2024-08-16 22:10:55,305:INFO:Defining folds
2024-08-16 22:10:55,305:INFO:Declaring metric variables
2024-08-16 22:10:55,305:INFO:Importing untrained model
2024-08-16 22:10:55,305:INFO:Lasso Least Angle Regression Imported successfully
2024-08-16 22:10:55,320:INFO:Starting cross validation
2024-08-16 22:10:55,320:INFO:Cross validating with KFold(n_splits=10, random_state=None, shuffle=False), n_jobs=-1
2024-08-16 22:10:55,418:INFO:Calculating mean and std
2024-08-16 22:10:55,419:INFO:Creating metrics dataframe
2024-08-16 22:10:55,420:INFO:Uploading results into container
2024-08-16 22:10:55,420:INFO:Uploading model into container now
2024-08-16 22:10:55,420:INFO:_master_model_container: 6
2024-08-16 22:10:55,420:INFO:_display_container: 2
2024-08-16 22:10:55,420:INFO:LassoLars(random_state=3812)
2024-08-16 22:10:55,420:INFO:create_model() successfully completed......................................
2024-08-16 22:10:55,523:INFO:SubProcess create_model() end ==================================
2024-08-16 22:10:55,523:INFO:Creating metrics dataframe
2024-08-16 22:10:55,539:INFO:Initializing Orthogonal Matching Pursuit
2024-08-16 22:10:55,539:INFO:Total runtime is 0.1446445385615031 minutes
2024-08-16 22:10:55,539:INFO:SubProcess create_model() called ==================================
2024-08-16 22:10:55,539:INFO:Initializing create_model()
2024-08-16 22:10:55,539:INFO:create_model(self=<pycaret.regression.oop.RegressionExperiment object at 0x0000022ED706C0D0>, estimator=omp, fold=KFold(n_splits=10, random_state=None, shuffle=False), round=4, cross_validation=True, predict=True, fit_kwargs={}, groups=None, refit=False, probability_threshold=None, experiment_custom_tags=None, verbose=False, system=False, add_to_model_list=True, metrics=None, display=<pycaret.internal.display.display.CommonDisplay object at 0x0000022EE0C03F70>, model_only=True, return_train_score=False, error_score=0.0, kwargs={})
2024-08-16 22:10:55,539:INFO:Checking exceptions
2024-08-16 22:10:55,539:INFO:Importing libraries
2024-08-16 22:10:55,539:INFO:Copying training dataset
2024-08-16 22:10:55,539:INFO:Defining folds
2024-08-16 22:10:55,539:INFO:Declaring metric variables
2024-08-16 22:10:55,556:INFO:Importing untrained model
2024-08-16 22:10:55,556:INFO:Orthogonal Matching Pursuit Imported successfully
2024-08-16 22:10:55,556:INFO:Starting cross validation
2024-08-16 22:10:55,556:INFO:Cross validating with KFold(n_splits=10, random_state=None, shuffle=False), n_jobs=-1
2024-08-16 22:10:55,671:INFO:Calculating mean and std
2024-08-16 22:10:55,673:INFO:Creating metrics dataframe
2024-08-16 22:10:55,674:INFO:Uploading results into container
2024-08-16 22:10:55,674:INFO:Uploading model into container now
2024-08-16 22:10:55,674:INFO:_master_model_container: 7
2024-08-16 22:10:55,674:INFO:_display_container: 2
2024-08-16 22:10:55,674:INFO:OrthogonalMatchingPursuit()
2024-08-16 22:10:55,674:INFO:create_model() successfully completed......................................
2024-08-16 22:10:55,769:INFO:SubProcess create_model() end ==================================
2024-08-16 22:10:55,769:INFO:Creating metrics dataframe
2024-08-16 22:10:55,769:INFO:Initializing Bayesian Ridge
2024-08-16 22:10:55,769:INFO:Total runtime is 0.1484717130661011 minutes
2024-08-16 22:10:55,784:INFO:SubProcess create_model() called ==================================
2024-08-16 22:10:55,784:INFO:Initializing create_model()
2024-08-16 22:10:55,784:INFO:create_model(self=<pycaret.regression.oop.RegressionExperiment object at 0x0000022ED706C0D0>, estimator=br, fold=KFold(n_splits=10, random_state=None, shuffle=False), round=4, cross_validation=True, predict=True, fit_kwargs={}, groups=None, refit=False, probability_threshold=None, experiment_custom_tags=None, verbose=False, system=False, add_to_model_list=True, metrics=None, display=<pycaret.internal.display.display.CommonDisplay object at 0x0000022EE0C03F70>, model_only=True, return_train_score=False, error_score=0.0, kwargs={})
2024-08-16 22:10:55,784:INFO:Checking exceptions
2024-08-16 22:10:55,784:INFO:Importing libraries
2024-08-16 22:10:55,784:INFO:Copying training dataset
2024-08-16 22:10:55,784:INFO:Defining folds
2024-08-16 22:10:55,784:INFO:Declaring metric variables
2024-08-16 22:10:55,784:INFO:Importing untrained model
2024-08-16 22:10:55,784:INFO:Bayesian Ridge Imported successfully
2024-08-16 22:10:55,800:INFO:Starting cross validation
2024-08-16 22:10:55,800:INFO:Cross validating with KFold(n_splits=10, random_state=None, shuffle=False), n_jobs=-1
2024-08-16 22:10:55,894:INFO:Calculating mean and std
2024-08-16 22:10:55,894:INFO:Creating metrics dataframe
2024-08-16 22:10:55,894:INFO:Uploading results into container
2024-08-16 22:10:55,894:INFO:Uploading model into container now
2024-08-16 22:10:55,894:INFO:_master_model_container: 8
2024-08-16 22:10:55,894:INFO:_display_container: 2
2024-08-16 22:10:55,894:INFO:BayesianRidge()
2024-08-16 22:10:55,894:INFO:create_model() successfully completed......................................
2024-08-16 22:10:55,987:INFO:SubProcess create_model() end ==================================
2024-08-16 22:10:55,987:INFO:Creating metrics dataframe
2024-08-16 22:10:56,003:INFO:Initializing Passive Aggressive Regressor
2024-08-16 22:10:56,003:INFO:Total runtime is 0.1523797194163005 minutes
2024-08-16 22:10:56,003:INFO:SubProcess create_model() called ==================================
2024-08-16 22:10:56,003:INFO:Initializing create_model()
2024-08-16 22:10:56,003:INFO:create_model(self=<pycaret.regression.oop.RegressionExperiment object at 0x0000022ED706C0D0>, estimator=par, fold=KFold(n_splits=10, random_state=None, shuffle=False), round=4, cross_validation=True, predict=True, fit_kwargs={}, groups=None, refit=False, probability_threshold=None, experiment_custom_tags=None, verbose=False, system=False, add_to_model_list=True, metrics=None, display=<pycaret.internal.display.display.CommonDisplay object at 0x0000022EE0C03F70>, model_only=True, return_train_score=False, error_score=0.0, kwargs={})
2024-08-16 22:10:56,003:INFO:Checking exceptions
2024-08-16 22:10:56,003:INFO:Importing libraries
2024-08-16 22:10:56,003:INFO:Copying training dataset
2024-08-16 22:10:56,003:INFO:Defining folds
2024-08-16 22:10:56,003:INFO:Declaring metric variables
2024-08-16 22:10:56,019:INFO:Importing untrained model
2024-08-16 22:10:56,019:INFO:Passive Aggressive Regressor Imported successfully
2024-08-16 22:10:56,019:INFO:Starting cross validation
2024-08-16 22:10:56,019:INFO:Cross validating with KFold(n_splits=10, random_state=None, shuffle=False), n_jobs=-1
2024-08-16 22:10:56,119:INFO:Calculating mean and std
2024-08-16 22:10:56,119:INFO:Creating metrics dataframe
2024-08-16 22:10:56,119:INFO:Uploading results into container
2024-08-16 22:10:56,119:INFO:Uploading model into container now
2024-08-16 22:10:56,119:INFO:_master_model_container: 9
2024-08-16 22:10:56,119:INFO:_display_container: 2
2024-08-16 22:10:56,119:INFO:PassiveAggressiveRegressor(random_state=3812)
2024-08-16 22:10:56,119:INFO:create_model() successfully completed......................................
2024-08-16 22:10:56,240:INFO:SubProcess create_model() end ==================================
2024-08-16 22:10:56,240:INFO:Creating metrics dataframe
2024-08-16 22:10:56,240:INFO:Initializing Huber Regressor
2024-08-16 22:10:56,240:INFO:Total runtime is 0.1563246846199036 minutes
2024-08-16 22:10:56,252:INFO:SubProcess create_model() called ==================================
2024-08-16 22:10:56,252:INFO:Initializing create_model()
2024-08-16 22:10:56,252:INFO:create_model(self=<pycaret.regression.oop.RegressionExperiment object at 0x0000022ED706C0D0>, estimator=huber, fold=KFold(n_splits=10, random_state=None, shuffle=False), round=4, cross_validation=True, predict=True, fit_kwargs={}, groups=None, refit=False, probability_threshold=None, experiment_custom_tags=None, verbose=False, system=False, add_to_model_list=True, metrics=None, display=<pycaret.internal.display.display.CommonDisplay object at 0x0000022EE0C03F70>, model_only=True, return_train_score=False, error_score=0.0, kwargs={})
2024-08-16 22:10:56,252:INFO:Checking exceptions
2024-08-16 22:10:56,252:INFO:Importing libraries
2024-08-16 22:10:56,252:INFO:Copying training dataset
2024-08-16 22:10:56,252:INFO:Defining folds
2024-08-16 22:10:56,252:INFO:Declaring metric variables
2024-08-16 22:10:56,252:INFO:Importing untrained model
2024-08-16 22:10:56,268:INFO:Huber Regressor Imported successfully
2024-08-16 22:10:56,268:INFO:Starting cross validation
2024-08-16 22:10:56,268:INFO:Cross validating with KFold(n_splits=10, random_state=None, shuffle=False), n_jobs=-1
2024-08-16 22:10:56,380:INFO:Calculating mean and std
2024-08-16 22:10:56,380:INFO:Creating metrics dataframe
2024-08-16 22:10:56,380:INFO:Uploading results into container
2024-08-16 22:10:56,380:INFO:Uploading model into container now
2024-08-16 22:10:56,380:INFO:_master_model_container: 10
2024-08-16 22:10:56,380:INFO:_display_container: 2
2024-08-16 22:10:56,380:INFO:HuberRegressor()
2024-08-16 22:10:56,380:INFO:create_model() successfully completed......................................
2024-08-16 22:10:56,471:INFO:SubProcess create_model() end ==================================
2024-08-16 22:10:56,471:INFO:Creating metrics dataframe
2024-08-16 22:10:56,471:INFO:Initializing K Neighbors Regressor
2024-08-16 22:10:56,471:INFO:Total runtime is 0.16017241080602013 minutes
2024-08-16 22:10:56,487:INFO:SubProcess create_model() called ==================================
2024-08-16 22:10:56,487:INFO:Initializing create_model()
2024-08-16 22:10:56,487:INFO:create_model(self=<pycaret.regression.oop.RegressionExperiment object at 0x0000022ED706C0D0>, estimator=knn, fold=KFold(n_splits=10, random_state=None, shuffle=False), round=4, cross_validation=True, predict=True, fit_kwargs={}, groups=None, refit=False, probability_threshold=None, experiment_custom_tags=None, verbose=False, system=False, add_to_model_list=True, metrics=None, display=<pycaret.internal.display.display.CommonDisplay object at 0x0000022EE0C03F70>, model_only=True, return_train_score=False, error_score=0.0, kwargs={})
2024-08-16 22:10:56,487:INFO:Checking exceptions
2024-08-16 22:10:56,487:INFO:Importing libraries
2024-08-16 22:10:56,487:INFO:Copying training dataset
2024-08-16 22:10:56,487:INFO:Defining folds
2024-08-16 22:10:56,487:INFO:Declaring metric variables
2024-08-16 22:10:56,487:INFO:Importing untrained model
2024-08-16 22:10:56,487:INFO:K Neighbors Regressor Imported successfully
2024-08-16 22:10:56,505:INFO:Starting cross validation
2024-08-16 22:10:56,505:INFO:Cross validating with KFold(n_splits=10, random_state=None, shuffle=False), n_jobs=-1
2024-08-16 22:10:56,767:INFO:Calculating mean and std
2024-08-16 22:10:56,767:INFO:Creating metrics dataframe
2024-08-16 22:10:56,770:INFO:Uploading results into container
2024-08-16 22:10:56,770:INFO:Uploading model into container now
2024-08-16 22:10:56,770:INFO:_master_model_container: 11
2024-08-16 22:10:56,770:INFO:_display_container: 2
2024-08-16 22:10:56,770:INFO:KNeighborsRegressor(n_jobs=-1)
2024-08-16 22:10:56,770:INFO:create_model() successfully completed......................................
2024-08-16 22:10:56,870:INFO:SubProcess create_model() end ==================================
2024-08-16 22:10:56,870:INFO:Creating metrics dataframe
2024-08-16 22:10:56,871:INFO:Initializing Decision Tree Regressor
2024-08-16 22:10:56,871:INFO:Total runtime is 0.16683595975240073 minutes
2024-08-16 22:10:56,871:INFO:SubProcess create_model() called ==================================
2024-08-16 22:10:56,871:INFO:Initializing create_model()
2024-08-16 22:10:56,871:INFO:create_model(self=<pycaret.regression.oop.RegressionExperiment object at 0x0000022ED706C0D0>, estimator=dt, fold=KFold(n_splits=10, random_state=None, shuffle=False), round=4, cross_validation=True, predict=True, fit_kwargs={}, groups=None, refit=False, probability_threshold=None, experiment_custom_tags=None, verbose=False, system=False, add_to_model_list=True, metrics=None, display=<pycaret.internal.display.display.CommonDisplay object at 0x0000022EE0C03F70>, model_only=True, return_train_score=False, error_score=0.0, kwargs={})
2024-08-16 22:10:56,871:INFO:Checking exceptions
2024-08-16 22:10:56,871:INFO:Importing libraries
2024-08-16 22:10:56,871:INFO:Copying training dataset
2024-08-16 22:10:56,886:INFO:Defining folds
2024-08-16 22:10:56,886:INFO:Declaring metric variables
2024-08-16 22:10:56,886:INFO:Importing untrained model
2024-08-16 22:10:56,886:INFO:Decision Tree Regressor Imported successfully
2024-08-16 22:10:56,886:INFO:Starting cross validation
2024-08-16 22:10:56,886:INFO:Cross validating with KFold(n_splits=10, random_state=None, shuffle=False), n_jobs=-1
2024-08-16 22:10:57,037:INFO:Calculating mean and std
2024-08-16 22:10:57,037:INFO:Creating metrics dataframe
2024-08-16 22:10:57,037:INFO:Uploading results into container
2024-08-16 22:10:57,037:INFO:Uploading model into container now
2024-08-16 22:10:57,037:INFO:_master_model_container: 12
2024-08-16 22:10:57,037:INFO:_display_container: 2
2024-08-16 22:10:57,037:INFO:DecisionTreeRegressor(random_state=3812)
2024-08-16 22:10:57,037:INFO:create_model() successfully completed......................................
2024-08-16 22:10:57,131:INFO:SubProcess create_model() end ==================================
2024-08-16 22:10:57,131:INFO:Creating metrics dataframe
2024-08-16 22:10:57,131:INFO:Initializing Random Forest Regressor
2024-08-16 22:10:57,131:INFO:Total runtime is 0.17117537260055543 minutes
2024-08-16 22:10:57,147:INFO:SubProcess create_model() called ==================================
2024-08-16 22:10:57,147:INFO:Initializing create_model()
2024-08-16 22:10:57,147:INFO:create_model(self=<pycaret.regression.oop.RegressionExperiment object at 0x0000022ED706C0D0>, estimator=rf, fold=KFold(n_splits=10, random_state=None, shuffle=False), round=4, cross_validation=True, predict=True, fit_kwargs={}, groups=None, refit=False, probability_threshold=None, experiment_custom_tags=None, verbose=False, system=False, add_to_model_list=True, metrics=None, display=<pycaret.internal.display.display.CommonDisplay object at 0x0000022EE0C03F70>, model_only=True, return_train_score=False, error_score=0.0, kwargs={})
2024-08-16 22:10:57,147:INFO:Checking exceptions
2024-08-16 22:10:57,147:INFO:Importing libraries
2024-08-16 22:10:57,147:INFO:Copying training dataset
2024-08-16 22:10:57,147:INFO:Defining folds
2024-08-16 22:10:57,147:INFO:Declaring metric variables
2024-08-16 22:10:57,147:INFO:Importing untrained model
2024-08-16 22:10:57,147:INFO:Random Forest Regressor Imported successfully
2024-08-16 22:10:57,162:INFO:Starting cross validation
2024-08-16 22:10:57,162:INFO:Cross validating with KFold(n_splits=10, random_state=None, shuffle=False), n_jobs=-1
2024-08-16 22:11:00,034:INFO:Calculating mean and std
2024-08-16 22:11:00,036:INFO:Creating metrics dataframe
2024-08-16 22:11:00,037:INFO:Uploading results into container
2024-08-16 22:11:00,038:INFO:Uploading model into container now
2024-08-16 22:11:00,038:INFO:_master_model_container: 13
2024-08-16 22:11:00,038:INFO:_display_container: 2
2024-08-16 22:11:00,038:INFO:RandomForestRegressor(n_jobs=-1, random_state=3812)
2024-08-16 22:11:00,039:INFO:create_model() successfully completed......................................
2024-08-16 22:11:00,131:INFO:SubProcess create_model() end ==================================
2024-08-16 22:11:00,131:INFO:Creating metrics dataframe
2024-08-16 22:11:00,131:INFO:Initializing Extra Trees Regressor
2024-08-16 22:11:00,131:INFO:Total runtime is 0.2211823344230652 minutes
2024-08-16 22:11:00,131:INFO:SubProcess create_model() called ==================================
2024-08-16 22:11:00,131:INFO:Initializing create_model()
2024-08-16 22:11:00,131:INFO:create_model(self=<pycaret.regression.oop.RegressionExperiment object at 0x0000022ED706C0D0>, estimator=et, fold=KFold(n_splits=10, random_state=None, shuffle=False), round=4, cross_validation=True, predict=True, fit_kwargs={}, groups=None, refit=False, probability_threshold=None, experiment_custom_tags=None, verbose=False, system=False, add_to_model_list=True, metrics=None, display=<pycaret.internal.display.display.CommonDisplay object at 0x0000022EE0C03F70>, model_only=True, return_train_score=False, error_score=0.0, kwargs={})
2024-08-16 22:11:00,131:INFO:Checking exceptions
2024-08-16 22:11:00,131:INFO:Importing libraries
2024-08-16 22:11:00,131:INFO:Copying training dataset
2024-08-16 22:11:00,147:INFO:Defining folds
2024-08-16 22:11:00,147:INFO:Declaring metric variables
2024-08-16 22:11:00,147:INFO:Importing untrained model
2024-08-16 22:11:00,147:INFO:Extra Trees Regressor Imported successfully
2024-08-16 22:11:00,147:INFO:Starting cross validation
2024-08-16 22:11:00,147:INFO:Cross validating with KFold(n_splits=10, random_state=None, shuffle=False), n_jobs=-1
2024-08-16 22:11:01,814:INFO:Calculating mean and std
2024-08-16 22:11:01,814:INFO:Creating metrics dataframe
2024-08-16 22:11:01,814:INFO:Uploading results into container
2024-08-16 22:11:01,814:INFO:Uploading model into container now
2024-08-16 22:11:01,814:INFO:_master_model_container: 14
2024-08-16 22:11:01,814:INFO:_display_container: 2
2024-08-16 22:11:01,814:INFO:ExtraTreesRegressor(n_jobs=-1, random_state=3812)
2024-08-16 22:11:01,814:INFO:create_model() successfully completed......................................
2024-08-16 22:11:01,909:INFO:SubProcess create_model() end ==================================
2024-08-16 22:11:01,909:INFO:Creating metrics dataframe
2024-08-16 22:11:01,909:INFO:Initializing AdaBoost Regressor
2024-08-16 22:11:01,909:INFO:Total runtime is 0.2508061488469442 minutes
2024-08-16 22:11:01,909:INFO:SubProcess create_model() called ==================================
2024-08-16 22:11:01,909:INFO:Initializing create_model()
2024-08-16 22:11:01,909:INFO:create_model(self=<pycaret.regression.oop.RegressionExperiment object at 0x0000022ED706C0D0>, estimator=ada, fold=KFold(n_splits=10, random_state=None, shuffle=False), round=4, cross_validation=True, predict=True, fit_kwargs={}, groups=None, refit=False, probability_threshold=None, experiment_custom_tags=None, verbose=False, system=False, add_to_model_list=True, metrics=None, display=<pycaret.internal.display.display.CommonDisplay object at 0x0000022EE0C03F70>, model_only=True, return_train_score=False, error_score=0.0, kwargs={})
2024-08-16 22:11:01,909:INFO:Checking exceptions
2024-08-16 22:11:01,909:INFO:Importing libraries
2024-08-16 22:11:01,909:INFO:Copying training dataset
2024-08-16 22:11:01,925:INFO:Defining folds
2024-08-16 22:11:01,925:INFO:Declaring metric variables
2024-08-16 22:11:01,925:INFO:Importing untrained model
2024-08-16 22:11:01,925:INFO:AdaBoost Regressor Imported successfully
2024-08-16 22:11:01,925:INFO:Starting cross validation
2024-08-16 22:11:01,940:INFO:Cross validating with KFold(n_splits=10, random_state=None, shuffle=False), n_jobs=-1
2024-08-16 22:11:02,412:INFO:Calculating mean and std
2024-08-16 22:11:02,412:INFO:Creating metrics dataframe
2024-08-16 22:11:02,412:INFO:Uploading results into container
2024-08-16 22:11:02,412:INFO:Uploading model into container now
2024-08-16 22:11:02,412:INFO:_master_model_container: 15
2024-08-16 22:11:02,412:INFO:_display_container: 2
2024-08-16 22:11:02,412:INFO:AdaBoostRegressor(random_state=3812)
2024-08-16 22:11:02,412:INFO:create_model() successfully completed......................................
2024-08-16 22:11:02,522:INFO:SubProcess create_model() end ==================================
2024-08-16 22:11:02,522:INFO:Creating metrics dataframe
2024-08-16 22:11:02,537:INFO:Initializing Gradient Boosting Regressor
2024-08-16 22:11:02,537:INFO:Total runtime is 0.2612791935602824 minutes
2024-08-16 22:11:02,537:INFO:SubProcess create_model() called ==================================
2024-08-16 22:11:02,537:INFO:Initializing create_model()
2024-08-16 22:11:02,537:INFO:create_model(self=<pycaret.regression.oop.RegressionExperiment object at 0x0000022ED706C0D0>, estimator=gbr, fold=KFold(n_splits=10, random_state=None, shuffle=False), round=4, cross_validation=True, predict=True, fit_kwargs={}, groups=None, refit=False, probability_threshold=None, experiment_custom_tags=None, verbose=False, system=False, add_to_model_list=True, metrics=None, display=<pycaret.internal.display.display.CommonDisplay object at 0x0000022EE0C03F70>, model_only=True, return_train_score=False, error_score=0.0, kwargs={})
2024-08-16 22:11:02,537:INFO:Checking exceptions
2024-08-16 22:11:02,537:INFO:Importing libraries
2024-08-16 22:11:02,537:INFO:Copying training dataset
2024-08-16 22:11:02,553:INFO:Defining folds
2024-08-16 22:11:02,553:INFO:Declaring metric variables
2024-08-16 22:11:02,553:INFO:Importing untrained model
2024-08-16 22:11:02,553:INFO:Gradient Boosting Regressor Imported successfully
2024-08-16 22:11:02,568:INFO:Starting cross validation
2024-08-16 22:11:02,568:INFO:Cross validating with KFold(n_splits=10, random_state=None, shuffle=False), n_jobs=-1
2024-08-16 22:11:03,451:INFO:Calculating mean and std
2024-08-16 22:11:03,452:INFO:Creating metrics dataframe
2024-08-16 22:11:03,454:INFO:Uploading results into container
2024-08-16 22:11:03,454:INFO:Uploading model into container now
2024-08-16 22:11:03,454:INFO:_master_model_container: 16
2024-08-16 22:11:03,454:INFO:_display_container: 2
2024-08-16 22:11:03,454:INFO:GradientBoostingRegressor(random_state=3812)
2024-08-16 22:11:03,454:INFO:create_model() successfully completed......................................
2024-08-16 22:11:03,586:INFO:SubProcess create_model() end ==================================
2024-08-16 22:11:03,586:INFO:Creating metrics dataframe
2024-08-16 22:11:03,586:INFO:Initializing Extreme Gradient Boosting
2024-08-16 22:11:03,601:INFO:Total runtime is 0.2790101726849874 minutes
2024-08-16 22:11:03,603:INFO:SubProcess create_model() called ==================================
2024-08-16 22:11:03,603:INFO:Initializing create_model()
2024-08-16 22:11:03,603:INFO:create_model(self=<pycaret.regression.oop.RegressionExperiment object at 0x0000022ED706C0D0>, estimator=xgboost, fold=KFold(n_splits=10, random_state=None, shuffle=False), round=4, cross_validation=True, predict=True, fit_kwargs={}, groups=None, refit=False, probability_threshold=None, experiment_custom_tags=None, verbose=False, system=False, add_to_model_list=True, metrics=None, display=<pycaret.internal.display.display.CommonDisplay object at 0x0000022EE0C03F70>, model_only=True, return_train_score=False, error_score=0.0, kwargs={})
2024-08-16 22:11:03,603:INFO:Checking exceptions
2024-08-16 22:11:03,603:INFO:Importing libraries
2024-08-16 22:11:03,603:INFO:Copying training dataset
2024-08-16 22:11:03,603:INFO:Defining folds
2024-08-16 22:11:03,603:INFO:Declaring metric variables
2024-08-16 22:11:03,603:INFO:Importing untrained model
2024-08-16 22:11:03,619:INFO:Extreme Gradient Boosting Imported successfully
2024-08-16 22:11:03,619:INFO:Starting cross validation
2024-08-16 22:11:03,619:INFO:Cross validating with KFold(n_splits=10, random_state=None, shuffle=False), n_jobs=-1
2024-08-16 22:11:05,800:INFO:Calculating mean and std
2024-08-16 22:11:05,800:INFO:Creating metrics dataframe
2024-08-16 22:11:05,800:INFO:Uploading results into container
2024-08-16 22:11:05,800:INFO:Uploading model into container now
2024-08-16 22:11:05,800:INFO:_master_model_container: 17
2024-08-16 22:11:05,800:INFO:_display_container: 2
2024-08-16 22:11:05,800:INFO:XGBRegressor(base_score=None, booster='gbtree', callbacks=None,
             colsample_bylevel=None, colsample_bynode=None,
             colsample_bytree=None, device='cpu', early_stopping_rounds=None,
             enable_categorical=False, eval_metric=None, feature_types=None,
             gamma=None, grow_policy=None, importance_type=None,
             interaction_constraints=None, learning_rate=None, max_bin=None,
             max_cat_threshold=None, max_cat_to_onehot=None,
             max_delta_step=None, max_depth=None, max_leaves=None,
             min_child_weight=None, missing=nan, monotone_constraints=None,
             multi_strategy=None, n_estimators=None, n_jobs=-1,
             num_parallel_tree=None, random_state=3812, ...)
2024-08-16 22:11:05,800:INFO:create_model() successfully completed......................................
2024-08-16 22:11:05,948:INFO:SubProcess create_model() end ==================================
2024-08-16 22:11:05,948:INFO:Creating metrics dataframe
2024-08-16 22:11:05,948:INFO:Initializing Light Gradient Boosting Machine
2024-08-16 22:11:05,948:INFO:Total runtime is 0.31812352339426675 minutes
2024-08-16 22:11:05,948:INFO:SubProcess create_model() called ==================================
2024-08-16 22:11:05,948:INFO:Initializing create_model()
2024-08-16 22:11:05,948:INFO:create_model(self=<pycaret.regression.oop.RegressionExperiment object at 0x0000022ED706C0D0>, estimator=lightgbm, fold=KFold(n_splits=10, random_state=None, shuffle=False), round=4, cross_validation=True, predict=True, fit_kwargs={}, groups=None, refit=False, probability_threshold=None, experiment_custom_tags=None, verbose=False, system=False, add_to_model_list=True, metrics=None, display=<pycaret.internal.display.display.CommonDisplay object at 0x0000022EE0C03F70>, model_only=True, return_train_score=False, error_score=0.0, kwargs={})
2024-08-16 22:11:05,948:INFO:Checking exceptions
2024-08-16 22:11:05,948:INFO:Importing libraries
2024-08-16 22:11:05,948:INFO:Copying training dataset
2024-08-16 22:11:05,964:INFO:Defining folds
2024-08-16 22:11:05,964:INFO:Declaring metric variables
2024-08-16 22:11:05,964:INFO:Importing untrained model
2024-08-16 22:11:05,964:INFO:Light Gradient Boosting Machine Imported successfully
2024-08-16 22:11:05,980:INFO:Starting cross validation
2024-08-16 22:11:05,980:INFO:Cross validating with KFold(n_splits=10, random_state=None, shuffle=False), n_jobs=-1
2024-08-16 22:11:07,062:INFO:Calculating mean and std
2024-08-16 22:11:07,062:INFO:Creating metrics dataframe
2024-08-16 22:11:07,062:INFO:Uploading results into container
2024-08-16 22:11:07,062:INFO:Uploading model into container now
2024-08-16 22:11:07,062:INFO:_master_model_container: 18
2024-08-16 22:11:07,062:INFO:_display_container: 2
2024-08-16 22:11:07,062:INFO:LGBMRegressor(n_jobs=-1, random_state=3812)
2024-08-16 22:11:07,062:INFO:create_model() successfully completed......................................
2024-08-16 22:11:07,220:INFO:SubProcess create_model() end ==================================
2024-08-16 22:11:07,220:INFO:Creating metrics dataframe
2024-08-16 22:11:07,220:INFO:Initializing Dummy Regressor
2024-08-16 22:11:07,220:INFO:Total runtime is 0.3393210013707479 minutes
2024-08-16 22:11:07,236:INFO:SubProcess create_model() called ==================================
2024-08-16 22:11:07,236:INFO:Initializing create_model()
2024-08-16 22:11:07,236:INFO:create_model(self=<pycaret.regression.oop.RegressionExperiment object at 0x0000022ED706C0D0>, estimator=dummy, fold=KFold(n_splits=10, random_state=None, shuffle=False), round=4, cross_validation=True, predict=True, fit_kwargs={}, groups=None, refit=False, probability_threshold=None, experiment_custom_tags=None, verbose=False, system=False, add_to_model_list=True, metrics=None, display=<pycaret.internal.display.display.CommonDisplay object at 0x0000022EE0C03F70>, model_only=True, return_train_score=False, error_score=0.0, kwargs={})
2024-08-16 22:11:07,236:INFO:Checking exceptions
2024-08-16 22:11:07,236:INFO:Importing libraries
2024-08-16 22:11:07,236:INFO:Copying training dataset
2024-08-16 22:11:07,241:INFO:Defining folds
2024-08-16 22:11:07,241:INFO:Declaring metric variables
2024-08-16 22:11:07,251:INFO:Importing untrained model
2024-08-16 22:11:07,251:INFO:Dummy Regressor Imported successfully
2024-08-16 22:11:07,251:INFO:Starting cross validation
2024-08-16 22:11:07,251:INFO:Cross validating with KFold(n_splits=10, random_state=None, shuffle=False), n_jobs=-1
2024-08-16 22:11:07,346:INFO:Calculating mean and std
2024-08-16 22:11:07,346:INFO:Creating metrics dataframe
2024-08-16 22:11:07,346:INFO:Uploading results into container
2024-08-16 22:11:07,346:INFO:Uploading model into container now
2024-08-16 22:11:07,346:INFO:_master_model_container: 19
2024-08-16 22:11:07,346:INFO:_display_container: 2
2024-08-16 22:11:07,346:INFO:DummyRegressor()
2024-08-16 22:11:07,346:INFO:create_model() successfully completed......................................
2024-08-16 22:11:07,441:INFO:SubProcess create_model() end ==================================
2024-08-16 22:11:07,441:INFO:Creating metrics dataframe
2024-08-16 22:11:07,456:INFO:Initializing create_model()
2024-08-16 22:11:07,456:INFO:create_model(self=<pycaret.regression.oop.RegressionExperiment object at 0x0000022ED706C0D0>, estimator=HuberRegressor(), fold=KFold(n_splits=10, random_state=None, shuffle=False), round=4, cross_validation=False, predict=False, fit_kwargs={}, groups=None, refit=True, probability_threshold=None, experiment_custom_tags=None, verbose=False, system=False, add_to_model_list=True, metrics=None, display=None, model_only=True, return_train_score=False, error_score=0.0, kwargs={})
2024-08-16 22:11:07,456:INFO:Checking exceptions
2024-08-16 22:11:07,456:INFO:Importing libraries
2024-08-16 22:11:07,456:INFO:Copying training dataset
2024-08-16 22:11:07,470:INFO:Defining folds
2024-08-16 22:11:07,470:INFO:Declaring metric variables
2024-08-16 22:11:07,470:INFO:Importing untrained model
2024-08-16 22:11:07,470:INFO:Declaring custom model
2024-08-16 22:11:07,470:INFO:Huber Regressor Imported successfully
2024-08-16 22:11:07,470:INFO:Cross validation set to False
2024-08-16 22:11:07,470:INFO:Fitting Model
2024-08-16 22:11:07,485:INFO:HuberRegressor()
2024-08-16 22:11:07,485:INFO:create_model() successfully completed......................................
2024-08-16 22:11:07,611:INFO:_master_model_container: 19
2024-08-16 22:11:07,611:INFO:_display_container: 2
2024-08-16 22:11:07,611:INFO:HuberRegressor()
2024-08-16 22:11:07,611:INFO:compare_models() successfully completed......................................
2024-08-16 22:13:04,984:WARNING:C:\Users\DELL\AppData\Local\Packages\PythonSoftwareFoundation.Python.3.10_qbz5n2kfra8p0\LocalCache\local-packages\Python310\site-packages\sklearn\linear_model\_coordinate_descent.py:678: ConvergenceWarning:

Objective did not converge. You might want to increase the number of iterations, check the scale of the features or consider increasing regularisation. Duality gap: 4.467e+28, tolerance: 9.282e+24


2024-08-16 22:13:05,022:WARNING:C:\Users\DELL\AppData\Local\Packages\PythonSoftwareFoundation.Python.3.10_qbz5n2kfra8p0\LocalCache\local-packages\Python310\site-packages\sklearn\linear_model\_coordinate_descent.py:678: ConvergenceWarning:

Objective did not converge. You might want to increase the number of iterations, check the scale of the features or consider increasing regularisation. Duality gap: 4.207e+28, tolerance: 9.282e+24


2024-08-16 22:13:07,796:WARNING:C:\Users\DELL\AppData\Local\Packages\PythonSoftwareFoundation.Python.3.10_qbz5n2kfra8p0\LocalCache\local-packages\Python310\site-packages\sklearn\neural_network\_multilayer_perceptron.py:691: ConvergenceWarning:

Stochastic Optimizer: Maximum iterations (200) reached and the optimization hasn't converged yet.


2024-08-16 22:14:44,677:WARNING:C:\Users\DELL\AppData\Local\Packages\PythonSoftwareFoundation.Python.3.10_qbz5n2kfra8p0\LocalCache\local-packages\Python310\site-packages\sklearn\linear_model\_coordinate_descent.py:678: ConvergenceWarning:

Objective did not converge. You might want to increase the number of iterations, check the scale of the features or consider increasing regularisation. Duality gap: 4.467e+28, tolerance: 9.282e+24


2024-08-16 22:14:44,726:WARNING:C:\Users\DELL\AppData\Local\Packages\PythonSoftwareFoundation.Python.3.10_qbz5n2kfra8p0\LocalCache\local-packages\Python310\site-packages\sklearn\linear_model\_coordinate_descent.py:678: ConvergenceWarning:

Objective did not converge. You might want to increase the number of iterations, check the scale of the features or consider increasing regularisation. Duality gap: 4.207e+28, tolerance: 9.282e+24


2024-08-16 22:14:47,129:WARNING:C:\Users\DELL\AppData\Local\Packages\PythonSoftwareFoundation.Python.3.10_qbz5n2kfra8p0\LocalCache\local-packages\Python310\site-packages\sklearn\neural_network\_multilayer_perceptron.py:691: ConvergenceWarning:

Stochastic Optimizer: Maximum iterations (200) reached and the optimization hasn't converged yet.


